Using pre-set license
Built from '2020.2/release' branch; Version is '2020.2.4f1 (becced5a802b) revision 12504301'; Using compiler version '192528614'; Build Type 'Release'
OS: 'Windows 10 Pro; OS build 19042.867; Version 2009; 64bit' Language: 'tr' Physical Memory: 7926 MB
BatchMode: 1, IsHumanControllingUs: 0, StartBugReporterOnCrash: 0, Is64bit: 1, IsPro: 0

 COMMAND LINE ARGUMENTS:
C:\Program Files\Unity\Hub\Editor\2020.2.4f1\Editor\Unity.exe
-adb2
-batchMode
-noUpm
-name
AssetImportWorker0
-projectPath
C:/Users/rabia/Documents/GitHub/Hyper-Casual-Game/hyperCasualGame
-logFile
Logs/AssetImportWorker0.log
-srvPort
58022
Successfully changed project path to: C:/Users/rabia/Documents/GitHub/Hyper-Casual-Game/hyperCasualGame
C:/Users/rabia/Documents/GitHub/Hyper-Casual-Game/hyperCasualGame
Using Asset Import Pipeline V2.
Refreshing native plugins compatible for Editor in 61.55 ms, found 1 plugins.
Preloading 0 native plugins for Editor in 0.00 ms.
Initialize engine version: 2020.2.4f1 (becced5a802b)
[Subsystems] Discovering subsystems at path C:/Program Files/Unity/Hub/Editor/2020.2.4f1/Editor/Data/Resources/UnitySubsystems
[Subsystems] Discovering subsystems at path C:/Users/rabia/Documents/GitHub/Hyper-Casual-Game/hyperCasualGame/Assets
GfxDevice: creating device client; threaded=0
Direct3D:
    Version:  Direct3D 11.0 [level 11.1]
    Renderer: AMD Radeon (TM) 530 (ID=0x6900)
    Vendor:   
    VRAM:     2038 MB
    Driver:   27.20.14535.3005
Initialize mono
Mono path[0] = 'C:/Program Files/Unity/Hub/Editor/2020.2.4f1/Editor/Data/Managed'
Mono path[1] = 'C:/Program Files/Unity/Hub/Editor/2020.2.4f1/Editor/Data/MonoBleedingEdge/lib/mono/unityjit'
Mono config path = 'C:/Program Files/Unity/Hub/Editor/2020.2.4f1/Editor/Data/MonoBleedingEdge/etc'
Using monoOptions --debugger-agent=transport=dt_socket,embedding=1,server=y,suspend=n,address=127.0.0.1:56388
Begin MonoManager ReloadAssembly
Registering precompiled unity dll's ...
Register platform support module: C:/Program Files/Unity/Hub/Editor/2020.2.4f1/Editor/Data/PlaybackEngines/WindowsStandaloneSupport/UnityEditor.WindowsStandalone.Extensions.dll
Registered in 0.003425 seconds.
Native extension for WindowsStandalone target not found
Refreshing native plugins compatible for Editor in 300.08 ms, found 1 plugins.
Preloading 0 native plugins for Editor in 0.00 ms.
Invoked RoslynAnalysisRunner static constructor.
RoslynAnalysisRunner will not be running.
RoslynAnalysisRunner has terminated.
Mono: successfully reloaded assembly
- Completed reload, in  7.160 seconds
Platform modules already initialized, skipping
Registering precompiled user dll's ...
Registered in 0.004164 seconds.
Begin MonoManager ReloadAssembly
Native extension for WindowsStandalone target not found
Refreshing native plugins compatible for Editor in 1457.96 ms, found 1 plugins.
Preloading 0 native plugins for Editor in 0.00 ms.
Invoked RoslynAnalysisRunner static constructor.
RoslynAnalysisRunner will not be running.
RoslynAnalysisRunner has terminated.
Mono: successfully reloaded assembly
- Completed reload, in 13.680 seconds
Platform modules already initialized, skipping
========================================================================
Worker process is ready to serve import requests
Launched and connected shader compiler UnityShaderCompiler.exe after 0.18 seconds
Refreshing native plugins compatible for Editor in 1.01 ms, found 1 plugins.
Preloading 0 native plugins for Editor in 0.00 ms.
Unloading 1914 Unused Serialized files (Serialized files now loaded: 0)
System memory in use before: 88.7 MB.
System memory in use after: 88.7 MB.

Unloading 33 unused Assets to reduce memory usage. Loaded Objects now: 2355.
Total: 6.067600 ms (FindLiveObjects: 0.461900 ms CreateObjectMapping: 0.202800 ms MarkObjects: 5.196300 ms  DeleteObjects: 0.199400 ms)

========================================================================
Received Import Request.
  path: Assets/Scripts/playerControl.cs
  artifactKey: Guid(727475b18bf9ddd45aa430ca75c2cf8e) Importer(815301076,1909f56bfc062723c751e8b465ee728b)
Start importing Assets/Scripts/playerControl.cs using Guid(727475b18bf9ddd45aa430ca75c2cf8e) Importer(815301076,1909f56bfc062723c751e8b465ee728b)  -> (artifact id: '7644a12640d83a3b43e93025401b83a3') in 0.100528 seconds
  Import took 0.107469 seconds .

========================================================================
Received Prepare
Registering precompiled user dll's ...
Registered in 0.002651 seconds.
Begin MonoManager ReloadAssembly
Native extension for WindowsStandalone target not found
Refreshing native plugins compatible for Editor in 0.58 ms, found 1 plugins.
Preloading 0 native plugins for Editor in 0.00 ms.
Invoked RoslynAnalysisRunner static constructor.
RoslynAnalysisRunner will not be running.
RoslynAnalysisRunner has terminated.
Mono: successfully reloaded assembly
- Completed reload, in  1.176 seconds
Platform modules already initialized, skipping
Refreshing native plugins compatible for Editor in 0.59 ms, found 1 plugins.
Preloading 0 native plugins for Editor in 0.00 ms.
Unloading 1902 Unused Serialized files (Serialized files now loaded: 0)
System memory in use before: 88.1 MB.
System memory in use after: 88.2 MB.

Unloading 21 unused Assets to reduce memory usage. Loaded Objects now: 2358.
Total: 2.865300 ms (FindLiveObjects: 0.309100 ms CreateObjectMapping: 0.132300 ms MarkObjects: 2.383200 ms  DeleteObjects: 0.038700 ms)

========================================================================
Received Prepare
Registering precompiled user dll's ...
Registered in 0.001725 seconds.
Begin MonoManager ReloadAssembly
Native extension for WindowsStandalone target not found
Refreshing native plugins compatible for Editor in 0.90 ms, found 1 plugins.
Preloading 0 native plugins for Editor in 0.00 ms.
Invoked RoslynAnalysisRunner static constructor.
RoslynAnalysisRunner will not be running.
RoslynAnalysisRunner has terminated.
Mono: successfully reloaded assembly
- Completed reload, in  1.263 seconds
Platform modules already initialized, skipping
Refreshing native plugins compatible for Editor in 0.59 ms, found 1 plugins.
Preloading 0 native plugins for Editor in 0.00 ms.
Unloading 1902 Unused Serialized files (Serialized files now loaded: 0)
System memory in use before: 88.1 MB.
System memory in use after: 88.2 MB.

Unloading 21 unused Assets to reduce memory usage. Loaded Objects now: 2361.
Total: 2.753600 ms (FindLiveObjects: 0.396600 ms CreateObjectMapping: 0.180800 ms MarkObjects: 2.138400 ms  DeleteObjects: 0.035400 ms)

========================================================================
Received Prepare
Registering precompiled user dll's ...
Registered in 0.002485 seconds.
Begin MonoManager ReloadAssembly
Native extension for WindowsStandalone target not found
Refreshing native plugins compatible for Editor in 0.96 ms, found 1 plugins.
Preloading 0 native plugins for Editor in 0.00 ms.
Invoked RoslynAnalysisRunner static constructor.
RoslynAnalysisRunner will not be running.
RoslynAnalysisRunner has terminated.
Mono: successfully reloaded assembly
- Completed reload, in  1.355 seconds
Platform modules already initialized, skipping
Refreshing native plugins compatible for Editor in 0.60 ms, found 1 plugins.
Preloading 0 native plugins for Editor in 0.00 ms.
Unloading 1902 Unused Serialized files (Serialized files now loaded: 0)
System memory in use before: 88.2 MB.
System memory in use after: 88.3 MB.

Unloading 21 unused Assets to reduce memory usage. Loaded Objects now: 2364.
Total: 2.453600 ms (FindLiveObjects: 0.245600 ms CreateObjectMapping: 0.121500 ms MarkObjects: 2.043500 ms  DeleteObjects: 0.040700 ms)

========================================================================
Received Prepare
Registering precompiled user dll's ...
Registered in 0.001766 seconds.
Begin MonoManager ReloadAssembly
Native extension for WindowsStandalone target not found
Refreshing native plugins compatible for Editor in 0.57 ms, found 1 plugins.
Preloading 0 native plugins for Editor in 0.00 ms.
Invoked RoslynAnalysisRunner static constructor.
RoslynAnalysisRunner will not be running.
RoslynAnalysisRunner has terminated.
Mono: successfully reloaded assembly
- Completed reload, in  1.215 seconds
Platform modules already initialized, skipping
Refreshing native plugins compatible for Editor in 0.57 ms, found 1 plugins.
Preloading 0 native plugins for Editor in 0.00 ms.
Unloading 1902 Unused Serialized files (Serialized files now loaded: 0)
System memory in use before: 88.2 MB.
System memory in use after: 88.3 MB.

Unloading 21 unused Assets to reduce memory usage. Loaded Objects now: 2367.
Total: 2.837100 ms (FindLiveObjects: 0.406100 ms CreateObjectMapping: 0.224300 ms MarkObjects: 2.179700 ms  DeleteObjects: 0.025000 ms)

========================================================================
Received Prepare
Registering precompiled user dll's ...
Registered in 0.004031 seconds.
Begin MonoManager ReloadAssembly
Native extension for WindowsStandalone target not found
Refreshing native plugins compatible for Editor in 0.56 ms, found 1 plugins.
Preloading 0 native plugins for Editor in 0.00 ms.
Invoked RoslynAnalysisRunner static constructor.
RoslynAnalysisRunner will not be running.
RoslynAnalysisRunner has terminated.
Mono: successfully reloaded assembly
- Completed reload, in  1.187 seconds
Platform modules already initialized, skipping
Refreshing native plugins compatible for Editor in 2.22 ms, found 1 plugins.
Preloading 0 native plugins for Editor in 0.00 ms.
Unloading 1902 Unused Serialized files (Serialized files now loaded: 0)
System memory in use before: 88.2 MB.
System memory in use after: 88.3 MB.

Unloading 21 unused Assets to reduce memory usage. Loaded Objects now: 2370.
Total: 3.928700 ms (FindLiveObjects: 0.341400 ms CreateObjectMapping: 0.156300 ms MarkObjects: 2.873900 ms  DeleteObjects: 0.554200 ms)

========================================================================
Received Import Request.
  Time since last request: 200.817356 seconds.
  path: Assets/AssetsG/Audio
  artifactKey: Guid(cc692b9f5cbce7445b9dc31e47c6f124) Importer(815301076,1909f56bfc062723c751e8b465ee728b)
Start importing Assets/AssetsG/Audio using Guid(cc692b9f5cbce7445b9dc31e47c6f124) Importer(815301076,1909f56bfc062723c751e8b465ee728b)  -> (artifact id: '2c7e21767d45eb731ccff525356411ae') in 0.022040 seconds
  Import took 0.027528 seconds .

========================================================================
Received Import Request.
  Time since last request: 3.795399 seconds.
  path: Assets/AssetsG/Audio/immortalBreakStack.wav
  artifactKey: Guid(6bb9e5dafd92ac049b2c780beeb662ca) Importer(815301076,1909f56bfc062723c751e8b465ee728b)
Start importing Assets/AssetsG/Audio/immortalBreakStack.wav using Guid(6bb9e5dafd92ac049b2c780beeb662ca) Importer(815301076,1909f56bfc062723c751e8b465ee728b)  -> (artifact id: '9a1236321c09c7c3ccd8a3ad6d5f0be7') in 0.193604 seconds
  Import took 0.197996 seconds .

========================================================================
Received Import Request.
  Time since last request: 5.198449 seconds.
  path: Assets/AssetsG/Audio/jump.mp3
  artifactKey: Guid(12af9d4dd8824d546970d054aac7ac89) Importer(815301076,1909f56bfc062723c751e8b465ee728b)
Start importing Assets/AssetsG/Audio/jump.mp3 using Guid(12af9d4dd8824d546970d054aac7ac89) Importer(815301076,1909f56bfc062723c751e8b465ee728b)  -> (artifact id: '153005126e95e6577ff61858689e9fcf') in 0.044707 seconds
  Import took 0.049707 seconds .

========================================================================
Received Import Request.
  Time since last request: 0.000515 seconds.
  path: Assets/AssetsG/Audio/jump.mp3
  artifactKey: Guid(12af9d4dd8824d546970d054aac7ac89) Importer(815301076,1909f56bfc062723c751e8b465ee728b)
Start importing Assets/AssetsG/Audio/jump.mp3 using Guid(12af9d4dd8824d546970d054aac7ac89) Importer(815301076,1909f56bfc062723c751e8b465ee728b)  -> (artifact id: '153005126e95e6577ff61858689e9fcf') in 0.018662 seconds
  Import took 0.023232 seconds .

========================================================================
Received Import Request.
  Time since last request: 2.882689 seconds.
  path: Assets/AssetsG/Audio/normalBreakStack.wav
  artifactKey: Guid(ba8c52d213c7bb84cb82c54aeb06d78c) Importer(815301076,1909f56bfc062723c751e8b465ee728b)
Start importing Assets/AssetsG/Audio/normalBreakStack.wav using Guid(ba8c52d213c7bb84cb82c54aeb06d78c) Importer(815301076,1909f56bfc062723c751e8b465ee728b)  -> (artifact id: '68ae1f4cb42f52a94049f4ce254845b8') in 0.033991 seconds
  Import took 0.038997 seconds .

========================================================================
Received Import Request.
  Time since last request: 2.644795 seconds.
  path: Assets/AssetsG/Audio/passedLevel.mp3
  artifactKey: Guid(217cd410471f42a45a6d16a1880c4913) Importer(815301076,1909f56bfc062723c751e8b465ee728b)
Start importing Assets/AssetsG/Audio/passedLevel.mp3 using Guid(217cd410471f42a45a6d16a1880c4913) Importer(815301076,1909f56bfc062723c751e8b465ee728b)  -> (artifact id: 'b1ecbccde04aa0bc502a342f1da2e53c') in 0.047638 seconds
  Import took 0.053418 seconds .

========================================================================
Received Import Request.
  Time since last request: 0.001629 seconds.
  path: Assets/AssetsG/Audio/passedLevel.mp3
  artifactKey: Guid(217cd410471f42a45a6d16a1880c4913) Importer(815301076,1909f56bfc062723c751e8b465ee728b)
Start importing Assets/AssetsG/Audio/passedLevel.mp3 using Guid(217cd410471f42a45a6d16a1880c4913) Importer(815301076,1909f56bfc062723c751e8b465ee728b)  -> (artifact id: 'b1ecbccde04aa0bc502a342f1da2e53c') in 0.020127 seconds
  Import took 0.025208 seconds .

========================================================================
Received Import Request.
  Time since last request: 3.162310 seconds.
  path: Assets/AssetsG/Audio/playerDied.mp3
  artifactKey: Guid(1124915e210fd1d47b454812d12fa909) Importer(815301076,1909f56bfc062723c751e8b465ee728b)
Start importing Assets/AssetsG/Audio/playerDied.mp3 using Guid(1124915e210fd1d47b454812d12fa909) Importer(815301076,1909f56bfc062723c751e8b465ee728b)  -> (artifact id: 'b2eaee5b7f1b30db3a9a3e7a5e67e29b') in 0.040194 seconds
  Import took 0.045323 seconds .

========================================================================
Received Import Request.
  Time since last request: 0.000904 seconds.
  path: Assets/AssetsG/Audio/playerDied.mp3
  artifactKey: Guid(1124915e210fd1d47b454812d12fa909) Importer(815301076,1909f56bfc062723c751e8b465ee728b)
Start importing Assets/AssetsG/Audio/playerDied.mp3 using Guid(1124915e210fd1d47b454812d12fa909) Importer(815301076,1909f56bfc062723c751e8b465ee728b)  -> (artifact id: 'b2eaee5b7f1b30db3a9a3e7a5e67e29b') in 0.021830 seconds
  Import took 0.027321 seconds .

========================================================================
Received Prepare
Registering precompiled user dll's ...
Registered in 0.001760 seconds.
Begin MonoManager ReloadAssembly
Native extension for WindowsStandalone target not found
Refreshing native plugins compatible for Editor in 0.55 ms, found 1 plugins.
Preloading 0 native plugins for Editor in 0.00 ms.
Invoked RoslynAnalysisRunner static constructor.
RoslynAnalysisRunner will not be running.
RoslynAnalysisRunner has terminated.
Mono: successfully reloaded assembly
- Completed reload, in  1.154 seconds
Platform modules already initialized, skipping
Refreshing native plugins compatible for Editor in 0.60 ms, found 1 plugins.
Preloading 0 native plugins for Editor in 0.00 ms.
Unloading 1902 Unused Serialized files (Serialized files now loaded: 0)
System memory in use before: 91.5 MB.
System memory in use after: 91.7 MB.

Unloading 21 unused Assets to reduce memory usage. Loaded Objects now: 2382.
Total: 6.626100 ms (FindLiveObjects: 0.469900 ms CreateObjectMapping: 0.137500 ms MarkObjects: 5.976000 ms  DeleteObjects: 0.039900 ms)

========================================================================
Received Import Request.
  Time since last request: 164.064423 seconds.
  path: Assets/Scenes/Level.unity
  artifactKey: Guid(2cda990e2423bbf4892e6590ba056729) Importer(815301076,1909f56bfc062723c751e8b465ee728b)
Start importing Assets/Scenes/Level.unity using Guid(2cda990e2423bbf4892e6590ba056729) Importer(815301076,1909f56bfc062723c751e8b465ee728b)  -> (artifact id: 'e41d6daf10d3551029fad52a900ae4b8') in 0.031812 seconds
  Import took 0.039846 seconds .

========================================================================
Received Prepare
Registering precompiled user dll's ...
Registered in 0.002386 seconds.
Begin MonoManager ReloadAssembly
Native extension for WindowsStandalone target not found
Refreshing native plugins compatible for Editor in 1.12 ms, found 1 plugins.
Preloading 0 native plugins for Editor in 0.00 ms.
Invoked RoslynAnalysisRunner static constructor.
RoslynAnalysisRunner will not be running.
RoslynAnalysisRunner has terminated.
Mono: successfully reloaded assembly
- Completed reload, in  1.466 seconds
Platform modules already initialized, skipping
Refreshing native plugins compatible for Editor in 0.57 ms, found 1 plugins.
Preloading 0 native plugins for Editor in 0.00 ms.
Unloading 1902 Unused Serialized files (Serialized files now loaded: 0)
System memory in use before: 91.6 MB.
System memory in use after: 91.7 MB.

Unloading 21 unused Assets to reduce memory usage. Loaded Objects now: 2385.
Total: 2.910200 ms (FindLiveObjects: 0.343700 ms CreateObjectMapping: 0.198400 ms MarkObjects: 2.338500 ms  DeleteObjects: 0.026000 ms)

========================================================================
Received Prepare
Registering precompiled user dll's ...
Registered in 0.002578 seconds.
Begin MonoManager ReloadAssembly
Native extension for WindowsStandalone target not found
Refreshing native plugins compatible for Editor in 0.55 ms, found 1 plugins.
Preloading 0 native plugins for Editor in 0.00 ms.
Invoked RoslynAnalysisRunner static constructor.
RoslynAnalysisRunner will not be running.
RoslynAnalysisRunner has terminated.
Mono: successfully reloaded assembly
- Completed reload, in  1.227 seconds
Platform modules already initialized, skipping
Refreshing native plugins compatible for Editor in 0.59 ms, found 1 plugins.
Preloading 0 native plugins for Editor in 0.00 ms.
Unloading 1902 Unused Serialized files (Serialized files now loaded: 0)
System memory in use before: 91.6 MB.
System memory in use after: 91.7 MB.

Unloading 21 unused Assets to reduce memory usage. Loaded Objects now: 2388.
Total: 3.064900 ms (FindLiveObjects: 0.445500 ms CreateObjectMapping: 0.262500 ms MarkObjects: 2.326100 ms  DeleteObjects: 0.027800 ms)

========================================================================
Received Prepare
Registering precompiled user dll's ...
Registered in 0.002566 seconds.
Begin MonoManager ReloadAssembly
Native extension for WindowsStandalone target not found
Refreshing native plugins compatible for Editor in 0.76 ms, found 1 plugins.
Preloading 0 native plugins for Editor in 0.00 ms.
Invoked RoslynAnalysisRunner static constructor.
RoslynAnalysisRunner will not be running.
RoslynAnalysisRunner has terminated.
Mono: successfully reloaded assembly
- Completed reload, in  1.124 seconds
Platform modules already initialized, skipping
Refreshing native plugins compatible for Editor in 0.55 ms, found 1 plugins.
Preloading 0 native plugins for Editor in 0.00 ms.
Unloading 1902 Unused Serialized files (Serialized files now loaded: 0)
System memory in use before: 91.6 MB.
System memory in use after: 91.7 MB.

Unloading 21 unused Assets to reduce memory usage. Loaded Objects now: 2391.
Total: 3.157300 ms (FindLiveObjects: 0.750000 ms CreateObjectMapping: 0.127900 ms MarkObjects: 2.253300 ms  DeleteObjects: 0.023500 ms)

========================================================================
Received Prepare
Registering precompiled user dll's ...
Registered in 0.002541 seconds.
Begin MonoManager ReloadAssembly
Native extension for WindowsStandalone target not found
Refreshing native plugins compatible for Editor in 6.94 ms, found 1 plugins.
Preloading 0 native plugins for Editor in 0.00 ms.
Invoked RoslynAnalysisRunner static constructor.
RoslynAnalysisRunner will not be running.
RoslynAnalysisRunner has terminated.
Mono: successfully reloaded assembly
- Completed reload, in  1.575 seconds
Platform modules already initialized, skipping
Refreshing native plugins compatible for Editor in 1.72 ms, found 1 plugins.
Preloading 0 native plugins for Editor in 0.00 ms.
Unloading 1902 Unused Serialized files (Serialized files now loaded: 0)
System memory in use before: 91.6 MB.
System memory in use after: 91.7 MB.

Unloading 21 unused Assets to reduce memory usage. Loaded Objects now: 2394.
Total: 9.584200 ms (FindLiveObjects: 0.326400 ms CreateObjectMapping: 4.999900 ms MarkObjects: 4.227100 ms  DeleteObjects: 0.028500 ms)

========================================================================
Received Prepare
Registering precompiled user dll's ...
Registered in 0.002624 seconds.
Begin MonoManager ReloadAssembly
Native extension for WindowsStandalone target not found
Refreshing native plugins compatible for Editor in 0.92 ms, found 1 plugins.
Preloading 0 native plugins for Editor in 0.00 ms.
Invoked RoslynAnalysisRunner static constructor.
RoslynAnalysisRunner will not be running.
RoslynAnalysisRunner has terminated.
Mono: successfully reloaded assembly
- Completed reload, in  2.238 seconds
Platform modules already initialized, skipping
Refreshing native plugins compatible for Editor in 1.07 ms, found 1 plugins.
Preloading 0 native plugins for Editor in 0.00 ms.
Unloading 1902 Unused Serialized files (Serialized files now loaded: 0)
System memory in use before: 91.6 MB.
System memory in use after: 91.7 MB.

Unloading 21 unused Assets to reduce memory usage. Loaded Objects now: 2397.
Total: 4.168500 ms (FindLiveObjects: 0.342400 ms CreateObjectMapping: 0.148200 ms MarkObjects: 3.648600 ms  DeleteObjects: 0.027100 ms)

