Using pre-set license
Built from '2020.2/release' branch; Version is '2020.2.4f1 (becced5a802b) revision 12504301'; Using compiler version '192528614'; Build Type 'Release'
OS: 'Windows 10 Pro; OS build 19042.867; Version 2009; 64bit' Language: 'tr' Physical Memory: 7926 MB
BatchMode: 1, IsHumanControllingUs: 0, StartBugReporterOnCrash: 0, Is64bit: 1, IsPro: 0

 COMMAND LINE ARGUMENTS:
C:\Program Files\Unity\Hub\Editor\2020.2.4f1\Editor\Unity.exe
-adb2
-batchMode
-noUpm
-name
AssetImportWorker0
-projectPath
C:/Users/rabia/Documents/unityProjects/hyperCasualGame
-logFile
Logs/AssetImportWorker0.log
-srvPort
49187
Successfully changed project path to: C:/Users/rabia/Documents/unityProjects/hyperCasualGame
C:/Users/rabia/Documents/unityProjects/hyperCasualGame
Using Asset Import Pipeline V2.
Refreshing native plugins compatible for Editor in 74.84 ms, found 1 plugins.
Preloading 0 native plugins for Editor in 0.00 ms.
Initialize engine version: 2020.2.4f1 (becced5a802b)
[Subsystems] Discovering subsystems at path C:/Program Files/Unity/Hub/Editor/2020.2.4f1/Editor/Data/Resources/UnitySubsystems
[Subsystems] Discovering subsystems at path C:/Users/rabia/Documents/unityProjects/hyperCasualGame/Assets
GfxDevice: creating device client; threaded=0
Direct3D:
    Version:  Direct3D 11.0 [level 11.1]
    Renderer: AMD Radeon (TM) 530 (ID=0x6900)
    Vendor:   
    VRAM:     2038 MB
    Driver:   27.20.14535.3005
Initialize mono
Mono path[0] = 'C:/Program Files/Unity/Hub/Editor/2020.2.4f1/Editor/Data/Managed'
Mono path[1] = 'C:/Program Files/Unity/Hub/Editor/2020.2.4f1/Editor/Data/MonoBleedingEdge/lib/mono/unityjit'
Mono config path = 'C:/Program Files/Unity/Hub/Editor/2020.2.4f1/Editor/Data/MonoBleedingEdge/etc'
Using monoOptions --debugger-agent=transport=dt_socket,embedding=1,server=y,suspend=n,address=127.0.0.1:56556
Begin MonoManager ReloadAssembly
Registering precompiled unity dll's ...
Register platform support module: C:/Program Files/Unity/Hub/Editor/2020.2.4f1/Editor/Data/PlaybackEngines/WindowsStandaloneSupport/UnityEditor.WindowsStandalone.Extensions.dll
Registered in 0.003779 seconds.
Native extension for WindowsStandalone target not found
Refreshing native plugins compatible for Editor in 64.80 ms, found 1 plugins.
Preloading 0 native plugins for Editor in 0.00 ms.
Invoked RoslynAnalysisRunner static constructor.
RoslynAnalysisRunner will not be running.
RoslynAnalysisRunner has terminated.
Mono: successfully reloaded assembly
- Completed reload, in  4.649 seconds
Platform modules already initialized, skipping
Registering precompiled user dll's ...
Registered in 0.001907 seconds.
Begin MonoManager ReloadAssembly
Native extension for WindowsStandalone target not found
Refreshing native plugins compatible for Editor in 110.38 ms, found 1 plugins.
Preloading 0 native plugins for Editor in 0.00 ms.
Invoked RoslynAnalysisRunner static constructor.
RoslynAnalysisRunner will not be running.
RoslynAnalysisRunner has terminated.
Mono: successfully reloaded assembly
- Completed reload, in  2.715 seconds
Platform modules already initialized, skipping
========================================================================
Worker process is ready to serve import requests
Launched and connected shader compiler UnityShaderCompiler.exe after 0.09 seconds
Refreshing native plugins compatible for Editor in 1.32 ms, found 1 plugins.
Preloading 0 native plugins for Editor in 0.00 ms.
Unloading 1921 Unused Serialized files (Serialized files now loaded: 0)
System memory in use before: 88.5 MB.
System memory in use after: 88.6 MB.

Unloading 33 unused Assets to reduce memory usage. Loaded Objects now: 2356.
Total: 3.495700 ms (FindLiveObjects: 0.464200 ms CreateObjectMapping: 0.467700 ms MarkObjects: 2.478300 ms  DeleteObjects: 0.083000 ms)

========================================================================
Received Import Request.
  path: Assets/ringControl.cs
  artifactKey: Guid(f8a0f9e28ab1e9444b71fda9bdbd8dfb) Importer(815301076,1909f56bfc062723c751e8b465ee728b)
Start importing Assets/ringControl.cs using Guid(f8a0f9e28ab1e9444b71fda9bdbd8dfb) Importer(815301076,1909f56bfc062723c751e8b465ee728b)  -> (artifact id: '4170def47439efde039490b82a22bec2') in 0.070476 seconds
  Import took 0.075840 seconds .

========================================================================
Received Import Request.
  Time since last request: 267.638696 seconds.
  path: Assets/ringControl.cs
  artifactKey: Guid(f8a0f9e28ab1e9444b71fda9bdbd8dfb) Importer(815301076,1909f56bfc062723c751e8b465ee728b)
Start importing Assets/ringControl.cs using Guid(f8a0f9e28ab1e9444b71fda9bdbd8dfb) Importer(815301076,1909f56bfc062723c751e8b465ee728b)  -> (artifact id: 'd76ac182941b1e92320bd13638d98bbe') in 0.015795 seconds
  Import took 0.028212 seconds .

========================================================================
Received Prepare
Registering precompiled user dll's ...
Registered in 0.002288 seconds.
Begin MonoManager ReloadAssembly
Native extension for WindowsStandalone target not found
Refreshing native plugins compatible for Editor in 0.59 ms, found 1 plugins.
Preloading 0 native plugins for Editor in 0.00 ms.
Invoked RoslynAnalysisRunner static constructor.
RoslynAnalysisRunner will not be running.
RoslynAnalysisRunner has terminated.
Mono: successfully reloaded assembly
- Completed reload, in  1.246 seconds
Platform modules already initialized, skipping
Refreshing native plugins compatible for Editor in 0.85 ms, found 1 plugins.
Preloading 0 native plugins for Editor in 0.00 ms.
Unloading 1909 Unused Serialized files (Serialized files now loaded: 0)
System memory in use before: 87.9 MB.
System memory in use after: 88.0 MB.

Unloading 21 unused Assets to reduce memory usage. Loaded Objects now: 2359.
Total: 4.145600 ms (FindLiveObjects: 1.237400 ms CreateObjectMapping: 0.282100 ms MarkObjects: 2.592400 ms  DeleteObjects: 0.027800 ms)

========================================================================
Received Prepare
Registering precompiled user dll's ...
Registered in 0.003091 seconds.
Begin MonoManager ReloadAssembly
Native extension for WindowsStandalone target not found
Refreshing native plugins compatible for Editor in 0.59 ms, found 1 plugins.
Preloading 0 native plugins for Editor in 0.00 ms.
Invoked RoslynAnalysisRunner static constructor.
RoslynAnalysisRunner will not be running.
RoslynAnalysisRunner has terminated.
Mono: successfully reloaded assembly
- Completed reload, in  1.396 seconds
Platform modules already initialized, skipping
Refreshing native plugins compatible for Editor in 0.83 ms, found 1 plugins.
Preloading 0 native plugins for Editor in 0.00 ms.
Unloading 1909 Unused Serialized files (Serialized files now loaded: 0)
System memory in use before: 87.9 MB.
System memory in use after: 88.1 MB.

Unloading 21 unused Assets to reduce memory usage. Loaded Objects now: 2362.
Total: 3.336800 ms (FindLiveObjects: 0.300900 ms CreateObjectMapping: 0.198800 ms MarkObjects: 2.804000 ms  DeleteObjects: 0.030800 ms)

========================================================================
Received Import Request.
  Time since last request: 1143.240212 seconds.
  path: Assets/Editor/com.unity.mobile.notifications
  artifactKey: Guid(8d94ea3741ad8d344a76cca0aa62f67e) Importer(815301076,1909f56bfc062723c751e8b465ee728b)
Start importing Assets/Editor/com.unity.mobile.notifications using Guid(8d94ea3741ad8d344a76cca0aa62f67e) Importer(815301076,1909f56bfc062723c751e8b465ee728b)  -> (artifact id: '2ed60e60399ece2e0a89986ac0a0a8d8') in 0.022655 seconds
  Import took 0.029715 seconds .

========================================================================
Received Import Request.
  Time since last request: 0.727535 seconds.
  path: Assets/Editor/com.unity.mobile.notifications/NotificationSettings.asset
  artifactKey: Guid(4cee8bca36f2ab74b8feb832747fa6f4) Importer(815301076,1909f56bfc062723c751e8b465ee728b)
Start importing Assets/Editor/com.unity.mobile.notifications/NotificationSettings.asset using Guid(4cee8bca36f2ab74b8feb832747fa6f4) Importer(815301076,1909f56bfc062723c751e8b465ee728b)  -> (artifact id: '85aa47a4db88062d901d2251c4967cbf') in 0.040360 seconds
  Import took 0.045234 seconds .

========================================================================
Received Import Request.
  Time since last request: 0.003271 seconds.
  path: Assets/Editor/com.unity.mobile.notifications/NotificationSettings.asset
  artifactKey: Guid(4cee8bca36f2ab74b8feb832747fa6f4) Importer(815301076,1909f56bfc062723c751e8b465ee728b)
Start importing Assets/Editor/com.unity.mobile.notifications/NotificationSettings.asset using Guid(4cee8bca36f2ab74b8feb832747fa6f4) Importer(815301076,1909f56bfc062723c751e8b465ee728b)  -> (artifact id: '85aa47a4db88062d901d2251c4967cbf') in 0.008251 seconds
  Import took 0.012784 seconds .

========================================================================
Received Import Request.
  Time since last request: 72.977561 seconds.
  path: Assets/AssetsG/JMO Assets/Cartoon FX/CFX3 Prefabs
  artifactKey: Guid(9358d72e9ab0589469b7c81a782cb400) Importer(815301076,1909f56bfc062723c751e8b465ee728b)
Start importing Assets/AssetsG/JMO Assets/Cartoon FX/CFX3 Prefabs using Guid(9358d72e9ab0589469b7c81a782cb400) Importer(815301076,1909f56bfc062723c751e8b465ee728b)  -> (artifact id: '9d1ea4524ee484ca25254790e1d1a6bb') in 0.019081 seconds
  Import took 0.025017 seconds .

========================================================================
Received Import Request.
  Time since last request: 1.559367 seconds.
  path: Assets/AssetsG/JMO Assets/Cartoon FX/CFX3 Prefabs/Fire
  artifactKey: Guid(5d25cb644a933ed4bad4bc0b015fa1f6) Importer(815301076,1909f56bfc062723c751e8b465ee728b)
Start importing Assets/AssetsG/JMO Assets/Cartoon FX/CFX3 Prefabs/Fire using Guid(5d25cb644a933ed4bad4bc0b015fa1f6) Importer(815301076,1909f56bfc062723c751e8b465ee728b)  -> (artifact id: '29244c5af7ba9db1d5386ad989abb8ed') in 0.020851 seconds
  Import took 0.025751 seconds .

========================================================================
Received Import Request.
  Time since last request: 1.720875 seconds.
  path: Assets/AssetsG/JMO Assets/Cartoon FX/CFX3 Prefabs/Fire/CFX3_Fire_Shield.prefab
  artifactKey: Guid(b0bc1b6b391734647b9bb142bafc0819) Importer(815301076,1909f56bfc062723c751e8b465ee728b)
Start importing Assets/AssetsG/JMO Assets/Cartoon FX/CFX3 Prefabs/Fire/CFX3_Fire_Shield.prefab using Guid(b0bc1b6b391734647b9bb142bafc0819) Importer(815301076,1909f56bfc062723c751e8b465ee728b)  -> (artifact id: 'b5a7646a9958822cab85246488490366') in 0.041024 seconds
  Import took 0.046304 seconds .

========================================================================
Received Import Request.
  Time since last request: 0.039953 seconds.
  path: Assets/AssetsG/JMO Assets/Cartoon FX/CFX3 Prefabs/Fire/CFX3_Fire_Shield.prefab
  artifactKey: Guid(b0bc1b6b391734647b9bb142bafc0819) Importer(815301076,1909f56bfc062723c751e8b465ee728b)
Start importing Assets/AssetsG/JMO Assets/Cartoon FX/CFX3 Prefabs/Fire/CFX3_Fire_Shield.prefab using Guid(b0bc1b6b391734647b9bb142bafc0819) Importer(815301076,1909f56bfc062723c751e8b465ee728b)  -> (artifact id: 'b5a7646a9958822cab85246488490366') in 0.010868 seconds
  Import took 0.016653 seconds .

========================================================================
Received Prepare
Registering precompiled user dll's ...
Registered in 0.008049 seconds.
Begin MonoManager ReloadAssembly
Native extension for WindowsStandalone target not found
Refreshing native plugins compatible for Editor in 2.01 ms, found 1 plugins.
Preloading 0 native plugins for Editor in 0.00 ms.
Invoked RoslynAnalysisRunner static constructor.
RoslynAnalysisRunner will not be running.
RoslynAnalysisRunner has terminated.
Mono: successfully reloaded assembly
- Completed reload, in  6.712 seconds
Platform modules already initialized, skipping
Refreshing native plugins compatible for Editor in 2.90 ms, found 1 plugins.
Preloading 0 native plugins for Editor in 0.00 ms.
Unloading 1909 Unused Serialized files (Serialized files now loaded: 0)
System memory in use before: 88.0 MB.
System memory in use after: 88.1 MB.

Unloading 21 unused Assets to reduce memory usage. Loaded Objects now: 2365.
Total: 9.985200 ms (FindLiveObjects: 0.561200 ms CreateObjectMapping: 1.968900 ms MarkObjects: 7.376800 ms  DeleteObjects: 0.075400 ms)

AssetImportWorkerClient::OnTransportError - code=2 error=End of file
